{"level":"info","message":{"email":"equicerjoal@gmail.com","ip":"::ffff:192.168.1.13","status":"success","timestamp":"2025-03-25T03:27:43.846Z"}}
{"level":"info","message":{"email":"aguimtz.2003@gmail.com","ip":"::1","status":"success","timestamp":"2025-03-25T03:28:21.247Z"}}
{"level":"info","message":{"email":"aguimtz.2003@gmail.com","ip":"::1","status":"success","timestamp":"2025-03-25T04:08:46.161Z"}}
{"level":"info","message":{"email":"aguimtz.2003@gmail.com","ip":"::1","status":"success","timestamp":"2025-03-28T02:54:09.042Z"}}
{"level":"info","message":{"email":"aguimtz.2003@gmail.com","ip":"::1","status":"success","timestamp":"2025-03-28T03:05:44.438Z"}}
{"level":"info","message":{"email":"aguimtz.2003@gmail.com","ip":"::1","status":"success","timestamp":"2025-03-28T03:22:46.081Z"}}
{"level":"info","message":{"email":"aguimtz.2003@gmail.com","ip":"::1","status":"success","timestamp":"2025-03-28T03:23:07.201Z"}}
{"level":"info","message":{"email":"aguimtz.2003@gmail.com","ip":"::1","reason":"Login","status":"success","timestamp":"2025-03-28T03:24:13.249Z"}}
{"level":"info","message":{"email":"aguimtz.2003@gmail.com","ip":"::1","reason":"Ingresar","status":"success","timestamp":"2025-03-28T03:33:29.521Z"}}
{"level":"info","message":{"email":"aguimtz.2003@gmail.com","ip":"::1","reason":"Ingresar","status":"success","timestamp":"2025-03-28T03:44:08.933Z"}}
{"level":"info","message":{"email":"aguimtz.2003@gmail.com","ip":"::1","reason":"Ingresar","status":"success","timestamp":"2025-03-28T04:15:59.306Z"}}
{"level":"info","message":{"email":"aguimtz.2003@gmail.com","ip":"::1","reason":"Ingresar","status":"success","timestamp":"2025-03-28T04:23:33.216Z"}}
{"level":"info","message":{"email":"aguimtz.2003@gmail.com","ip":"::1","reason":"Ingresar","status":"success","timestamp":"2025-03-28T04:25:06.006Z"}}
{"level":"info","message":{"email":"aguimtz.2003@gmail.com","ip":"::1","reason":"Ingresar","status":"success","timestamp":"2025-03-28T04:25:56.031Z"}}
{"level":"info","message":{"email":"aguimtz.2003@gmail.com","ip":"::1","reason":"Contraseña erronea","status":"error","timestamp":"2025-03-28T04:29:34.151Z"}}
{"level":"info","message":{"email":"aguimtz.2003@gmail.com","ip":"::1","reason":"Contraseña erronea","status":"error","timestamp":"2025-03-28T04:29:49.097Z"}}
{"level":"info","message":{"email":"aguimtz.2003@gmail.com","ip":"::1","reason":"Ingresar","status":"success","timestamp":"2025-03-28T04:29:49.097Z"}}
{"level":"info","message":{"email":"aguimtz.2003@gmail.com","ip":"::1","reason":"Contraseña erronea","status":"error","timestamp":"2025-03-28T04:31:07.167Z"}}
{"level":"info","message":{"email":"aguimtz.2003@gmail.com","ip":"::1","reason":"Contraseña erronea","status":"error","timestamp":"2025-03-28T04:40:47.578Z"}}
{"level":"info","message":{"email":"aguimtz.2003@gmail.com","ip":"::1","reason":"Ingresar","status":"success","timestamp":"2025-03-28T04:40:57.826Z"}}
{"level":"info","message":{"email":"aguimtz.2003@gmail.com","ip":"::1","reason":"Contraseña erronea","status":"error","timestamp":"2025-03-28T04:42:28.985Z"}}
{"level":"info","message":{"email":"aguimtz.2003@gmail.com","ip":"::1","reason":"Contraseña erronea","status":"error","timestamp":"2025-03-28T04:44:37.530Z"}}
